<?xml version="1.0" encoding="UTF-8"?>
<testng-results skipped="0" failed="0" ignored="0" total="1" passed="1">
  <reporter-output>
  </reporter-output>
  <suite name="Regression Suite" duration-ms="4018" started-at="2020-08-30T17:04:07Z" finished-at="2020-08-30T17:04:11Z">
    <groups>
    </groups>
    <test name="Regression Tests" duration-ms="4018" started-at="2020-08-30T17:04:07Z" finished-at="2020-08-30T17:04:11Z">
      <class name="testCases.HomePageTest">
        <test-method status="PASS" signature="extentReportInt(org.testng.ITestContext)[pri:0, instance:testCases.HomePageTest@614ddd49]" name="extentReportInt" is-config="true" duration-ms="150" started-at="2020-08-30T17:04:07Z" finished-at="2020-08-30T17:04:07Z">
          <params>
            <param index="0">
              <value>
                <![CDATA[org.testng.TestRunner@7a7471ce]]>
              </value>
            </param>
          </params>
          <reporter-output>
          </reporter-output>
        </test-method> <!-- extentReportInt -->
        <test-method status="PASS" signature="setUpDriver(java.lang.reflect.Method)[pri:0, instance:testCases.HomePageTest@614ddd49]" name="setUpDriver" is-config="true" duration-ms="1747" started-at="2020-08-30T17:04:07Z" finished-at="2020-08-30T17:04:08Z">
          <params>
            <param index="0">
              <value>
                <![CDATA[public void testCases.HomePageTest.verifySearchFieldDisplayed()]]>
              </value>
            </param>
          </params>
          <reporter-output>
          </reporter-output>
        </test-method> <!-- setUpDriver -->
        <test-method status="PASS" signature="verifySearchFieldDisplayed()[pri:0, instance:testCases.HomePageTest@614ddd49]" name="verifySearchFieldDisplayed" duration-ms="2100" started-at="2020-08-30T17:04:08Z" finished-at="2020-08-30T17:04:11Z">
          <reporter-output>
          </reporter-output>
        </test-method> <!-- verifySearchFieldDisplayed -->
        <test-method status="PASS" signature="tearDown(org.testng.ITestResult)[pri:0, instance:testCases.HomePageTest@614ddd49]" name="tearDown" is-config="true" duration-ms="158" started-at="2020-08-30T17:04:11Z" finished-at="2020-08-30T17:04:11Z">
          <params>
            <param index="0">
              <value>
                <![CDATA[[TestResult name=verifySearchFieldDisplayed status=SUCCESS method=HomePageTest.verifySearchFieldDisplayed()[pri:0, instance:testCases.HomePageTest@614ddd49] output={null}]]]>
              </value>
            </param>
          </params>
          <reporter-output>
          </reporter-output>
        </test-method> <!-- tearDown -->
        <test-method status="PASS" signature="endReport()[pri:0, instance:testCases.HomePageTest@614ddd49]" name="endReport" is-config="true" duration-ms="281" started-at="2020-08-30T17:04:11Z" finished-at="2020-08-30T17:04:11Z">
          <reporter-output>
          </reporter-output>
        </test-method> <!-- endReport -->
      </class> <!-- testCases.HomePageTest -->
    </test> <!-- Regression Tests -->
  </suite> <!-- Regression Suite -->
</testng-results>
