<?xml version="1.0" encoding="UTF-8"?>
<!-- Generated by org.testng.reporters.JUnitXMLReporter -->
<testsuite hostname="MACPRO45.local" ignored="0" name="Regression1 Tests" tests="1" failures="1" timestamp="02 Sep 2020 19:07:39 GMT" time="8.105" errors="0">
  <testcase name="@AfterMethod tearDown" time="0.008" classname="baseTest.BaseUtils">
    <failure type="java.lang.NullPointerException">
      <![CDATA[java.lang.NullPointerException
at baseTest.BaseUtils.TakeScreenshot(BaseUtils.java:97)
at baseTest.BaseUtils.tearDown(BaseUtils.java:60)
at java.util.concurrent.FutureTask.run(FutureTask.java:266)
at java.util.concurrent.ThreadPoolExecutor.runWorker(ThreadPoolExecutor.java:1149)
at java.util.concurrent.ThreadPoolExecutor$Worker.run(ThreadPoolExecutor.java:624)
at java.lang.Thread.run(Thread.java:748)
... Removed 19 stack frames]]>
    </failure>
  </testcase> <!-- @AfterMethod tearDown -->
  <testcase name="verifySearchFieldDisplayed" time="0.006" classname="testCases.HomePageTest">
    <failure type="java.lang.NullPointerException">
      <![CDATA[java.lang.NullPointerException
at pageObjects.HomePage.openHomePage(HomePage.java:70)
at testCases.HomePageTest.verifySearchFieldDisplayed(HomePageTest.java:15)
at java.util.concurrent.FutureTask.run(FutureTask.java:266)
at java.util.concurrent.ThreadPoolExecutor.runWorker(ThreadPoolExecutor.java:1149)
at java.util.concurrent.ThreadPoolExecutor$Worker.run(ThreadPoolExecutor.java:624)
at java.lang.Thread.run(Thread.java:748)
... Removed 16 stack frames]]>
    </failure>
  </testcase> <!-- verifySearchFieldDisplayed -->
</testsuite> <!-- Regression1 Tests -->
